<?xml version="1.0" encoding="UTF-8"?>
<testsuite xmlns:xsi="http://www.w3.org/2001/XMLSchema-instance" xsi:noNamespaceSchemaLocation="https://maven.apache.org/surefire/maven-surefire-plugin/xsd/surefire-test-report-3.0.xsd" version="3.0" name="fr.istic.vv.DateTest" time="0.034" tests="29" errors="0" skipped="0" failures="0">
  <properties>
    <property name="java.specification.version" value="21"/>
    <property name="sun.jnu.encoding" value="UTF-8"/>
    <property name="java.class.path" value="/Users/olivia/Documents/Universite/M2/VV/VV-ISTIC-TP3/code/tp3-date/target/test-classes:/Users/olivia/Documents/Universite/M2/VV/VV-ISTIC-TP3/code/tp3-date/target/classes:/Users/olivia/.m2/repository/org/junit/jupiter/junit-jupiter/5.6.2/junit-jupiter-5.6.2.jar:/Users/olivia/.m2/repository/org/junit/jupiter/junit-jupiter-api/5.6.2/junit-jupiter-api-5.6.2.jar:/Users/olivia/.m2/repository/org/apiguardian/apiguardian-api/1.1.0/apiguardian-api-1.1.0.jar:/Users/olivia/.m2/repository/org/opentest4j/opentest4j/1.2.0/opentest4j-1.2.0.jar:/Users/olivia/.m2/repository/org/junit/platform/junit-platform-commons/1.6.2/junit-platform-commons-1.6.2.jar:/Users/olivia/.m2/repository/org/junit/jupiter/junit-jupiter-params/5.6.2/junit-jupiter-params-5.6.2.jar:/Users/olivia/.m2/repository/org/junit/jupiter/junit-jupiter-engine/5.6.2/junit-jupiter-engine-5.6.2.jar:/Users/olivia/.m2/repository/org/junit/platform/junit-platform-engine/1.6.2/junit-platform-engine-1.6.2.jar:"/>
    <property name="java.vm.vendor" value="Amazon.com Inc."/>
    <property name="sun.arch.data.model" value="64"/>
    <property name="java.vendor.url" value="https://aws.amazon.com/corretto/"/>
    <property name="os.name" value="Mac OS X"/>
    <property name="java.vm.specification.version" value="21"/>
    <property name="sun.java.launcher" value="SUN_STANDARD"/>
    <property name="user.country" value="FR"/>
    <property name="sun.boot.library.path" value="/Users/olivia/Library/Java/JavaVirtualMachines/corretto-21.0.2/Contents/Home/lib"/>
    <property name="sun.java.command" value="/Users/olivia/Documents/Universite/M2/VV/VV-ISTIC-TP3/code/tp3-date/target/surefire/surefirebooter17624300579861994013.jar /Users/olivia/Documents/Universite/M2/VV/VV-ISTIC-TP3/code/tp3-date/target/surefire 2024-12-13T12-24-39_382-jvmRun1 surefire6542000317478766556tmp surefire_014583754031408659014tmp"/>
    <property name="http.nonProxyHosts" value="local|*.local|169.254/16|*.169.254/16"/>
    <property name="jdk.debug" value="release"/>
    <property name="surefire.test.class.path" value="/Users/olivia/Documents/Universite/M2/VV/VV-ISTIC-TP3/code/tp3-date/target/test-classes:/Users/olivia/Documents/Universite/M2/VV/VV-ISTIC-TP3/code/tp3-date/target/classes:/Users/olivia/.m2/repository/org/junit/jupiter/junit-jupiter/5.6.2/junit-jupiter-5.6.2.jar:/Users/olivia/.m2/repository/org/junit/jupiter/junit-jupiter-api/5.6.2/junit-jupiter-api-5.6.2.jar:/Users/olivia/.m2/repository/org/apiguardian/apiguardian-api/1.1.0/apiguardian-api-1.1.0.jar:/Users/olivia/.m2/repository/org/opentest4j/opentest4j/1.2.0/opentest4j-1.2.0.jar:/Users/olivia/.m2/repository/org/junit/platform/junit-platform-commons/1.6.2/junit-platform-commons-1.6.2.jar:/Users/olivia/.m2/repository/org/junit/jupiter/junit-jupiter-params/5.6.2/junit-jupiter-params-5.6.2.jar:/Users/olivia/.m2/repository/org/junit/jupiter/junit-jupiter-engine/5.6.2/junit-jupiter-engine-5.6.2.jar:/Users/olivia/.m2/repository/org/junit/platform/junit-platform-engine/1.6.2/junit-platform-engine-1.6.2.jar:"/>
    <property name="sun.cpu.endian" value="little"/>
    <property name="user.home" value="/Users/olivia"/>
    <property name="user.language" value="fr"/>
    <property name="java.specification.vendor" value="Oracle Corporation"/>
    <property name="java.version.date" value="2024-01-16"/>
    <property name="java.home" value="/Users/olivia/Library/Java/JavaVirtualMachines/corretto-21.0.2/Contents/Home"/>
    <property name="file.separator" value="/"/>
    <property name="basedir" value="/Users/olivia/Documents/Universite/M2/VV/VV-ISTIC-TP3/code/tp3-date"/>
    <property name="java.vm.compressedOopsMode" value="Zero based"/>
    <property name="line.separator" value="&#10;"/>
    <property name="java.vm.specification.vendor" value="Oracle Corporation"/>
    <property name="java.specification.name" value="Java Platform API Specification"/>
    <property name="apple.awt.application.name" value="ForkedBooter"/>
    <property name="surefire.real.class.path" value="/Users/olivia/Documents/Universite/M2/VV/VV-ISTIC-TP3/code/tp3-date/target/surefire/surefirebooter17624300579861994013.jar"/>
    <property name="sun.management.compiler" value="HotSpot 64-Bit Tiered Compilers"/>
    <property name="ftp.nonProxyHosts" value="local|*.local|169.254/16|*.169.254/16"/>
    <property name="java.runtime.version" value="21.0.2+13-LTS"/>
    <property name="user.name" value="olivia"/>
    <property name="stdout.encoding" value="UTF-8"/>
    <property name="path.separator" value=":"/>
    <property name="os.version" value="15.0.1"/>
    <property name="java.runtime.name" value="OpenJDK Runtime Environment"/>
    <property name="file.encoding" value="UTF-8"/>
    <property name="java.vm.name" value="OpenJDK 64-Bit Server VM"/>
    <property name="java.vendor.version" value="Corretto-21.0.2.13.1"/>
    <property name="localRepository" value="/Users/olivia/.m2/repository"/>
    <property name="java.vendor.url.bug" value="https://github.com/corretto/corretto-21/issues/"/>
    <property name="java.io.tmpdir" value="/var/folders/bw/4g8q09ns5xq0d9qgs13pzjf00000gn/T/"/>
    <property name="idea.version" value="2023.2.2"/>
    <property name="java.version" value="21.0.2"/>
    <property name="user.dir" value="/Users/olivia/Documents/Universite/M2/VV/VV-ISTIC-TP3/code/tp3-date"/>
    <property name="os.arch" value="aarch64"/>
    <property name="java.vm.specification.name" value="Java Virtual Machine Specification"/>
    <property name="native.encoding" value="UTF-8"/>
    <property name="java.library.path" value="/Users/olivia/Library/Java/Extensions:/Library/Java/Extensions:/Network/Library/Java/Extensions:/System/Library/Java/Extensions:/usr/lib/java:."/>
    <property name="java.vm.info" value="mixed mode, sharing"/>
    <property name="stderr.encoding" value="UTF-8"/>
    <property name="java.vendor" value="Amazon.com Inc."/>
    <property name="java.vm.version" value="21.0.2+13-LTS"/>
    <property name="sun.io.unicode.encoding" value="UnicodeBig"/>
    <property name="socksNonProxyHosts" value="local|*.local|169.254/16|*.169.254/16"/>
    <property name="java.class.version" value="65.0"/>
  </properties>
  <testcase name="testIsLeapYearCas1" classname="fr.istic.vv.DateTest" time="0.01"/>
  <testcase name="testIsLeapYearCas2" classname="fr.istic.vv.DateTest" time="0"/>
  <testcase name="testIsLeapYearCas3" classname="fr.istic.vv.DateTest" time="0"/>
  <testcase name="testIsLeapYearCas4" classname="fr.istic.vv.DateTest" time="0.001"/>
  <testcase name="testConstructeurCas1" classname="fr.istic.vv.DateTest" time="0.001"/>
  <testcase name="testConstructeurCas2" classname="fr.istic.vv.DateTest" time="0"/>
  <testcase name="testConstructeurCas3" classname="fr.istic.vv.DateTest" time="0"/>
  <testcase name="testConstructeurCas4" classname="fr.istic.vv.DateTest" time="0"/>
  <testcase name="testConstructeurCas5" classname="fr.istic.vv.DateTest" time="0.001"/>
  <testcase name="testPreviousDateCas1" classname="fr.istic.vv.DateTest" time="0"/>
  <testcase name="testPreviousDateCas2" classname="fr.istic.vv.DateTest" time="0"/>
  <testcase name="testPreviousDateCas3" classname="fr.istic.vv.DateTest" time="0"/>
  <testcase name="testGetNumberOfDayByMonthCas1" classname="fr.istic.vv.DateTest" time="0"/>
  <testcase name="testGetNumberOfDayByMonthCas2" classname="fr.istic.vv.DateTest" time="0"/>
  <testcase name="testGetNumberOfDayByMonthCas3" classname="fr.istic.vv.DateTest" time="0"/>
  <testcase name="testGetNumberOfDayByMonthCas4" classname="fr.istic.vv.DateTest" time="0"/>
  <testcase name="testGetNumberOfDayByMonthCas5" classname="fr.istic.vv.DateTest" time="0.001"/>
  <testcase name="testGetNumberOfDayByMonthCas6" classname="fr.istic.vv.DateTest" time="0"/>
  <testcase name="testCompareToCas1" classname="fr.istic.vv.DateTest" time="0"/>
  <testcase name="testCompareToCas2" classname="fr.istic.vv.DateTest" time="0"/>
  <testcase name="testCompareToCas3" classname="fr.istic.vv.DateTest" time="0"/>
  <testcase name="testCompareToCas4" classname="fr.istic.vv.DateTest" time="0.001"/>
  <testcase name="testCompareToCas5" classname="fr.istic.vv.DateTest" time="0"/>
  <testcase name="testCompareToCas6" classname="fr.istic.vv.DateTest" time="0"/>
  <testcase name="testCompareToCas7" classname="fr.istic.vv.DateTest" time="0"/>
  <testcase name="testCompareToCas8" classname="fr.istic.vv.DateTest" time="0.001"/>
  <testcase name="testNextDateCas1" classname="fr.istic.vv.DateTest" time="0"/>
  <testcase name="testNextDateCas2" classname="fr.istic.vv.DateTest" time="0"/>
  <testcase name="testNextDateCas3" classname="fr.istic.vv.DateTest" time="0"/>
</testsuite>